[15:10:59] [INFO] [Startup]: Loaded config from /home/ubuntu/SkyBlox-Music/config.txt
[15:10:59] [INFO] [JDA]: Login Successful!
[15:10:59] [INFO] [WebSocketClient]: Connected to WebSocket
[15:11:00] [INFO] [JDA]: Finished Loading!
[17:01:02] [WARN] [WebSocketClient]: Got disconnected from WebSocket. Attempting to resume session
[17:01:04] [INFO] [JDA]: Successfully resumed Session!
[20:07:46] [WARN] [WebSocketClient]: Got disconnected from WebSocket. Attempting to resume session
[20:07:48] [INFO] [JDA]: Successfully resumed Session!
[21:13:48] [WARN] [WebSocketClient]: Got disconnected from WebSocket. Attempting to resume session
[21:13:51] [INFO] [JDA]: Successfully resumed Session!
[21:35:42] [WARN] [WebSocketClient]: Got disconnected from WebSocket. Attempting to resume session
[21:35:44] [INFO] [JDA]: Successfully resumed Session!
[22:33:15] [INFO] [Startup]: Loaded config from /home/ubuntu/SkyBlox-Music/config.txt
[22:33:16] [INFO] [JDA]: Login Successful!
[22:33:16] [INFO] [WebSocketClient]: Connected to WebSocket
[22:33:16] [INFO] [JDA]: Finished Loading!
[22:35:35] [INFO] [Startup]: Loaded config from /home/ubuntu/SkyBlox-Music/config.txt
[22:35:35] [INFO] [JDA]: Login Successful!
[22:35:36] [INFO] [WebSocketClient]: Connected to WebSocket
[22:35:36] [INFO] [JDA]: Finished Loading!
[22:48:58] [WARN] [WebSocketClient]: Got disconnected from WebSocket. Attempting to resume session
[22:49:00] [INFO] [JDA]: Successfully resumed Session!
[00:29:54] [WARN] [WebSocketClient]: Got disconnected from WebSocket. Attempting to resume session
[00:29:56] [INFO] [JDA]: Successfully resumed Session!
[00:51:38] [WARN] [WebSocketClient]: Got disconnected from WebSocket. Attempting to resume session
[00:51:40] [INFO] [JDA]: Successfully resumed Session!
[03:22:48] [WARN] [WebSocketClient]: Got disconnected from WebSocket. Attempting to resume session
[03:22:50] [INFO] [JDA]: Successfully resumed Session!
[04:24:36] [WARN] [WebSocketClient]: Got disconnected from WebSocket. Attempting to resume session
[04:24:38] [INFO] [JDA]: Successfully resumed Session!
[07:16:25] [WARN] [WebSocketClient]: Got disconnected from WebSocket. Attempting to resume session
[07:16:28] [INFO] [JDA]: Successfully resumed Session!
[07:38:21] [WARN] [WebSocketClient]: Got disconnected from WebSocket. Attempting to resume session
[07:38:23] [INFO] [JDA]: Successfully resumed Session!
[08:53:44] [WARN] [WebSocketClient]: Got disconnected from WebSocket. Attempting to resume session
[08:53:47] [INFO] [JDA]: Successfully resumed Session!
[09:04:51] [INFO] [Startup]: Loaded config from /home/ubuntu/SkyBlox-Music/config.txt
[09:04:52] [INFO] [JDA]: Login Successful!
[09:04:52] [INFO] [WebSocketClient]: Connected to WebSocket
[09:04:53] [INFO] [JDA]: Finished Loading!
[09:18:24] [INFO] [NativeLibraryLoader]: Native library libmpg123-0: loading with filter com.sedmelluq.discord.lavaplayer.natives.ConnectorNativeLibLoader$$Lambda$177/0x000000084007a040@1a458989
[09:18:24] [INFO] [NativeLibraryLoader]: Native library connector: loading with filter null
[09:18:25] [INFO] [NativeLibraryLoader]: Native library connector: successfully loaded.
[10:54:09] [WARN] [WebSocketClient]: Got disconnected from WebSocket. Attempting to resume session
[10:54:12] [INFO] [JDA]: Successfully resumed Session!
[11:47:58] [WARN] [WebSocketClient]: Got disconnected from WebSocket. Attempting to resume session
[11:48:00] [INFO] [JDA]: Successfully resumed Session!
[12:35:05] [WARN] [WebSocketClient]: Got disconnected from WebSocket. Attempting to resume session
[12:35:07] [INFO] [JDA]: Successfully resumed Session!
[15:02:29] [WARN] [WebSocketClient]: Got disconnected from WebSocket. Attempting to resume session
[15:54:14] [INFO] [Startup]: Loaded config from /home/ubuntu/SkyBlox-Music/config.txt
[15:54:15] [INFO] [JDA]: Login Successful!
[15:54:15] [INFO] [WebSocketClient]: Connected to WebSocket
[15:54:15] [INFO] [JDA]: Finished Loading!
[17:31:05] [INFO] [Startup]: Loaded config from /home/ubuntu/SkyBlox-Music/config.txt
[17:31:05] [INFO] [JDA]: Login Successful!
[17:31:06] [INFO] [WebSocketClient]: Connected to WebSocket
[17:31:06] [INFO] [JDA]: Finished Loading!
[18:54:33] [WARN] [WebSocketClient]: Got disconnected from WebSocket. Attempting to resume session
[18:54:36] [INFO] [JDA]: Successfully resumed Session!
[20:30:27] [WARN] [WebSocketClient]: Got disconnected from WebSocket. Attempting to resume session
[20:30:29] [INFO] [JDA]: Successfully resumed Session!
[23:28:53] [WARN] [WebSocketClient]: Got disconnected from WebSocket. Attempting to resume session
[23:28:56] [INFO] [JDA]: Successfully resumed Session!
[23:44:44] [WARN] [WebSocketClient]: Got disconnected from WebSocket. Attempting to resume session
[23:44:46] [INFO] [JDA]: Successfully resumed Session!
[02:26:58] [WARN] [WebSocketClient]: Got disconnected from WebSocket. Attempting to resume session
[02:27:00] [INFO] [JDA]: Successfully resumed Session!
[03:06:10] [WARN] [WebSocketClient]: Got disconnected from WebSocket. Attempting to resume session
[03:06:13] [INFO] [JDA]: Successfully resumed Session!
[04:11:20] [WARN] [WebSocketClient]: Got disconnected from WebSocket. Attempting to resume session
[04:11:22] [INFO] [JDA]: Successfully resumed Session!
[04:58:24] [WARN] [WebSocketClient]: Got disconnected from WebSocket. Attempting to resume session
[04:58:26] [INFO] [JDA]: Successfully resumed Session!
[08:15:43] [WARN] [WebSocketClient]: Got disconnected from WebSocket. Attempting to resume session
[08:15:45] [INFO] [JDA]: Successfully resumed Session!
[11:31:11] [WARN] [WebSocketClient]: Got disconnected from WebSocket. Attempting to resume session
[11:31:14] [INFO] [JDA]: Successfully resumed Session!
[14:44:22] [WARN] [WebSocketClient]: Got disconnected from WebSocket. Attempting to resume session
[14:44:25] [INFO] [JDA]: Successfully resumed Session!
[17:40:49] [WARN] [WebSocketClient]: Got disconnected from WebSocket. Attempting to resume session
[17:40:51] [INFO] [JDA]: Successfully resumed Session!
[21:19:19] [WARN] [WebSocketClient]: Got disconnected from WebSocket. Attempting to resume session
[21:19:21] [INFO] [JDA]: Successfully resumed Session!
[22:07:47] [WARN] [WebSocketClient]: Got disconnected from WebSocket. Attempting to resume session
[22:07:50] [INFO] [JDA]: Successfully resumed Session!
[22:35:26] [WARN] [WebSocketClient]: Got disconnected from WebSocket. Attempting to resume session
[22:35:29] [INFO] [JDA]: Successfully resumed Session!
[01:18:37] [WARN] [WebSocketClient]: Got disconnected from WebSocket. Attempting to resume session
[01:18:39] [INFO] [JDA]: Successfully resumed Session!
[04:11:53] [WARN] [WebSocketClient]: Got disconnected from WebSocket. Attempting to resume session
[04:11:55] [INFO] [JDA]: Successfully resumed Session!
[06:55:02] [WARN] [WebSocketClient]: Got disconnected from WebSocket. Attempting to resume session
[06:55:05] [INFO] [JDA]: Successfully resumed Session!
[10:03:09] [WARN] [WebSocketClient]: Got disconnected from WebSocket. Attempting to resume session
[10:03:12] [INFO] [JDA]: Successfully resumed Session!
[12:32:17] [WARN] [WebSocketClient]: Got disconnected from WebSocket. Attempting to resume session
[12:32:19] [INFO] [JDA]: Successfully resumed Session!
[14:22:47] [WARN] [WebSocketClient]: Got disconnected from WebSocket. Attempting to resume session
[14:22:49] [INFO] [JDA]: Successfully resumed Session!
[16:10:39] [WARN] [WebSocketClient]: Got disconnected from WebSocket. Attempting to resume session
[16:10:42] [INFO] [JDA]: Successfully resumed Session!
[18:05:40] [WARN] [WebSocketClient]: Got disconnected from WebSocket. Attempting to resume session
[18:05:42] [INFO] [JDA]: Successfully resumed Session!
[21:23:39] [WARN] [WebSocketClient]: Got disconnected from WebSocket. Attempting to resume session
[21:23:42] [INFO] [JDA]: Successfully resumed Session!
[06:18:01] [INFO] [Startup]: Loaded config from /home/ubuntu/SkyBlox-Music/config.txt
[06:18:01] [INFO] [JDA]: Login Successful!
[06:18:02] [INFO] [WebSocketClient]: Connected to WebSocket
[06:18:02] [INFO] [JDA]: Finished Loading!
[07:14:27] [WARN] [WebSocketClient]: Got disconnected from WebSocket. Attempting to resume session
[07:14:29] [INFO] [JDA]: Successfully resumed Session!
[10:17:38] [WARN] [WebSocketClient]: Got disconnected from WebSocket. Attempting to resume session
[10:17:40] [INFO] [JDA]: Successfully resumed Session!
[11:30:31] [WARN] [WebSocketClient]: Got disconnected from WebSocket. Attempting to resume session
[11:30:33] [INFO] [JDA]: Successfully resumed Session!
[15:04:10] [WARN] [WebSocketClient]: Got disconnected from WebSocket. Attempting to resume session
[15:04:12] [INFO] [JDA]: Successfully resumed Session!
[16:35:55] [WARN] [WebSocketClient]: Got disconnected from WebSocket. Attempting to resume session
[16:35:57] [INFO] [JDA]: Successfully resumed Session!
[17:12:52] [WARN] [WebSocketClient]: Got disconnected from WebSocket. Attempting to resume session
[17:12:55] [INFO] [JDA]: Successfully resumed Session!
[18:02:23] [WARN] [WebSocketClient]: Got disconnected from WebSocket. Attempting to resume session
[18:02:25] [INFO] [JDA]: Successfully resumed Session!
[19:21:47] [WARN] [WebSocketClient]: Got disconnected from WebSocket. Attempting to resume session
[19:21:49] [INFO] [JDA]: Successfully resumed Session!
[21:45:16] [WARN] [WebSocketClient]: Got disconnected from WebSocket. Attempting to resume session
[21:45:18] [INFO] [JDA]: Successfully resumed Session!
[23:02:21] [WARN] [WebSocketClient]: Got disconnected from WebSocket. Attempting to resume session
[23:02:24] [INFO] [JDA]: Successfully resumed Session!
[02:45:06] [WARN] [WebSocketClient]: Got disconnected from WebSocket. Attempting to resume session
[02:45:09] [INFO] [JDA]: Successfully resumed Session!
[05:00:33] [WARN] [WebSocketClient]: Got disconnected from WebSocket. Attempting to resume session
[05:00:35] [INFO] [JDA]: Successfully resumed Session!
[05:51:12] [WARN] [WebSocketClient]: Got disconnected from WebSocket. Attempting to resume session
[05:51:14] [INFO] [JDA]: Successfully resumed Session!
[08:02:34] [WARN] [WebSocketClient]: Got disconnected from WebSocket. Attempting to resume session
[08:02:37] [INFO] [JDA]: Successfully resumed Session!
[09:41:40] [WARN] [WebSocketClient]: Got disconnected from WebSocket. Attempting to resume session
[09:41:42] [INFO] [JDA]: Successfully resumed Session!
[10:49:50] [WARN] [WebSocketClient]: Got disconnected from WebSocket. Attempting to resume session
[10:49:52] [INFO] [JDA]: Successfully resumed Session!
[11:33:05] [WARN] [WebSocketClient]: Got disconnected from WebSocket. Attempting to resume session
[11:33:07] [INFO] [JDA]: Successfully resumed Session!
[15:07:14] [WARN] [WebSocketClient]: Got disconnected from WebSocket. Attempting to resume session
[15:07:16] [INFO] [JDA]: Successfully resumed Session!
[16:15:00] [WARN] [WebSocketClient]: Got disconnected from WebSocket. Attempting to resume session
[16:15:02] [INFO] [JDA]: Successfully resumed Session!
[18:25:56] [WARN] [WebSocketClient]: Got disconnected from WebSocket. Attempting to resume session
[18:25:59] [INFO] [JDA]: Successfully resumed Session!
[20:39:21] [WARN] [WebSocketClient]: Got disconnected from WebSocket. Attempting to resume session
[20:39:23] [INFO] [JDA]: Successfully resumed Session!
[22:26:52] [WARN] [WebSocketClient]: Got disconnected from WebSocket. Attempting to resume session
[22:26:54] [INFO] [JDA]: Successfully resumed Session!
[22:43:08] [WARN] [WebSocketClient]: Got disconnected from WebSocket. Attempting to resume session
[22:43:10] [INFO] [JDA]: Successfully resumed Session!
[02:03:57] [WARN] [WebSocketClient]: Got disconnected from WebSocket. Attempting to resume session
[02:03:59] [INFO] [JDA]: Successfully resumed Session!
[04:03:24] [WARN] [WebSocketClient]: Got disconnected from WebSocket. Attempting to resume session
[04:03:26] [INFO] [JDA]: Successfully resumed Session!
[06:07:20] [WARN] [WebSocketClient]: Got disconnected from WebSocket. Attempting to resume session
[06:07:23] [INFO] [JDA]: Successfully resumed Session!
[07:12:40] [WARN] [WebSocketClient]: Got disconnected from WebSocket. Attempting to resume session
[07:12:43] [INFO] [JDA]: Successfully resumed Session!
[10:54:19] [WARN] [WebSocketClient]: Got disconnected from WebSocket. Attempting to resume session
[10:54:22] [INFO] [JDA]: Successfully resumed Session!
[11:08:06] [WARN] [WebSocketClient]: Got disconnected from WebSocket. Attempting to resume session
[11:08:08] [INFO] [JDA]: Successfully resumed Session!
[13:51:43] [WARN] [WebSocketClient]: Got disconnected from WebSocket. Attempting to resume session
[13:51:46] [INFO] [JDA]: Successfully resumed Session!
[16:00:08] [WARN] [WebSocketClient]: Got disconnected from WebSocket. Attempting to resume session
[16:00:10] [INFO] [JDA]: Successfully resumed Session!
[19:57:19] [WARN] [WebSocketClient]: Got disconnected from WebSocket. Attempting to resume session
[19:57:21] [INFO] [JDA]: Successfully resumed Session!
[22:27:24] [WARN] [WebSocketClient]: Got disconnected from WebSocket. Attempting to resume session
[22:27:26] [INFO] [JDA]: Successfully resumed Session!
[23:11:56] [WARN] [WebSocketClient]: Got disconnected from WebSocket. Attempting to resume session
[23:11:58] [INFO] [JDA]: Successfully resumed Session!
[00:33:08] [WARN] [WebSocketClient]: Got disconnected from WebSocket. Attempting to resume session
[00:33:11] [INFO] [JDA]: Successfully resumed Session!
[01:43:48] [WARN] [WebSocketClient]: Got disconnected from WebSocket. Attempting to resume session
[01:43:50] [INFO] [JDA]: Successfully resumed Session!
[03:19:40] [WARN] [WebSocketClient]: Got disconnected from WebSocket. Attempting to resume session
[03:19:42] [INFO] [JDA]: Successfully resumed Session!
[04:09:56] [WARN] [WebSocketClient]: Got disconnected from WebSocket. Attempting to resume session
[04:09:58] [INFO] [JDA]: Successfully resumed Session!
[04:48:16] [WARN] [WebSocketClient]: Got disconnected from WebSocket. Attempting to resume session
[04:48:18] [INFO] [JDA]: Successfully resumed Session!
[07:59:11] [WARN] [WebSocketClient]: Got disconnected from WebSocket. Attempting to resume session
[07:59:13] [INFO] [JDA]: Successfully resumed Session!
[09:04:58] [WARN] [WebSocketClient]: Got disconnected from WebSocket. Attempting to resume session
[09:05:00] [INFO] [JDA]: Successfully resumed Session!
[09:20:44] [WARN] [WebSocketClient]: Got disconnected from WebSocket. Attempting to resume session
[09:20:46] [INFO] [JDA]: Successfully resumed Session!
[11:36:28] [WARN] [WebSocketClient]: Got disconnected from WebSocket. Attempting to resume session
[11:36:31] [INFO] [JDA]: Successfully resumed Session!
[13:47:35] [WARN] [WebSocketClient]: Got disconnected from WebSocket. Attempting to resume session
[13:47:38] [INFO] [JDA]: Successfully resumed Session!
[14:52:47] [WARN] [WebSocketClient]: Got disconnected from WebSocket. Attempting to resume session
[14:52:49] [INFO] [JDA]: Successfully resumed Session!
[16:54:36] [WARN] [WebSocketClient]: Got disconnected from WebSocket. Attempting to resume session
[16:54:38] [INFO] [JDA]: Successfully resumed Session!
[17:59:08] [WARN] [WebSocketClient]: Got disconnected from WebSocket. Attempting to resume session
[17:59:10] [INFO] [JDA]: Successfully resumed Session!
[18:02:17] [WARN] [WebSocketClient]: Got disconnected from WebSocket. Attempting to resume session
[18:02:19] [INFO] [JDA]: Successfully resumed Session!
[21:00:22] [WARN] [WebSocketClient]: Got disconnected from WebSocket. Attempting to resume session
[21:00:25] [INFO] [JDA]: Successfully resumed Session!
[00:40:37] [WARN] [WebSocketClient]: Got disconnected from WebSocket. Attempting to resume session
[00:40:40] [INFO] [JDA]: Successfully resumed Session!
[01:03:30] [WARN] [WebSocketClient]: Got disconnected from WebSocket. Attempting to resume session
[01:03:32] [INFO] [JDA]: Successfully resumed Session!
[01:35:51] [WARN] [WebSocketClient]: Got disconnected from WebSocket. Attempting to resume session
[01:35:53] [INFO] [JDA]: Successfully resumed Session!
[05:33:07] [WARN] [WebSocketClient]: Got disconnected from WebSocket. Attempting to resume session
[05:33:09] [INFO] [JDA]: Successfully resumed Session!
[06:11:29] [WARN] [WebSocketClient]: Got disconnected from WebSocket. Attempting to resume session
[06:11:32] [INFO] [JDA]: Successfully resumed Session!
[08:37:47] [WARN] [WebSocketClient]: Got disconnected from WebSocket. Attempting to resume session
[08:37:49] [INFO] [JDA]: Successfully resumed Session!
[10:57:07] [WARN] [WebSocketClient]: Got disconnected from WebSocket. Attempting to resume session
[10:57:09] [INFO] [JDA]: Successfully resumed Session!
[12:29:28] [WARN] [WebSocketClient]: Got disconnected from WebSocket. Attempting to resume session
[12:29:31] [INFO] [JDA]: Successfully resumed Session!
[16:22:03] [WARN] [WebSocketClient]: Got disconnected from WebSocket. Attempting to resume session
[16:22:05] [INFO] [JDA]: Successfully resumed Session!
[18:28:30] [WARN] [WebSocketClient]: Got disconnected from WebSocket. Attempting to resume session
[18:28:33] [INFO] [JDA]: Successfully resumed Session!
[21:54:27] [WARN] [WebSocketClient]: Got disconnected from WebSocket. Attempting to resume session
[21:54:29] [INFO] [JDA]: Successfully resumed Session!
[22:16:46] [WARN] [WebSocketClient]: Got disconnected from WebSocket. Attempting to resume session
[22:16:48] [INFO] [JDA]: Successfully resumed Session!
[00:28:20] [WARN] [WebSocketClient]: Got disconnected from WebSocket. Attempting to resume session
[00:28:22] [INFO] [JDA]: Successfully resumed Session!
[03:13:23] [WARN] [WebSocketClient]: Got disconnected from WebSocket. Attempting to resume session
[03:13:25] [INFO] [JDA]: Successfully resumed Session!
[04:30:24] [WARN] [WebSocketClient]: Got disconnected from WebSocket. Attempting to resume session
[04:30:26] [INFO] [JDA]: Successfully resumed Session!
[08:02:28] [WARN] [WebSocketClient]: Got disconnected from WebSocket. Attempting to resume session
[08:02:30] [INFO] [JDA]: Successfully resumed Session!
[08:57:18] [WARN] [WebSocketClient]: Got disconnected from WebSocket. Attempting to resume session
[08:57:20] [INFO] [JDA]: Successfully resumed Session!
[11:05:48] [WARN] [WebSocketClient]: Got disconnected from WebSocket. Attempting to resume session
[11:05:50] [INFO] [JDA]: Successfully resumed Session!
[11:54:44] [WARN] [WebSocketClient]: Got disconnected from WebSocket. Attempting to resume session
[11:54:46] [INFO] [JDA]: Successfully resumed Session!
[14:55:55] [WARN] [WebSocketClient]: Got disconnected from WebSocket. Attempting to resume session
[14:55:57] [INFO] [JDA]: Successfully resumed Session!
[16:52:40] [WARN] [WebSocketClient]: Got disconnected from WebSocket. Attempting to resume session
[16:52:43] [INFO] [JDA]: Successfully resumed Session!
[18:40:24] [WARN] [WebSocketClient]: Got disconnected from WebSocket. Attempting to resume session
[18:40:26] [INFO] [JDA]: Successfully resumed Session!
[19:23:48] [WARN] [WebSocketClient]: Got disconnected from WebSocket. Attempting to resume session
[19:23:50] [INFO] [JDA]: Successfully resumed Session!
[20:03:51] [WARN] [WebSocketClient]: Got disconnected from WebSocket. Attempting to resume session
[20:03:53] [INFO] [JDA]: Successfully resumed Session!
[21:25:03] [WARN] [WebSocketClient]: Got disconnected from WebSocket. Attempting to resume session
[21:25:05] [INFO] [JDA]: Successfully resumed Session!
[22:36:02] [WARN] [WebSocketClient]: Got disconnected from WebSocket. Attempting to resume session
[22:36:04] [INFO] [JDA]: Successfully resumed Session!
[00:34:10] [WARN] [WebSocketClient]: Got disconnected from WebSocket. Attempting to resume session
[00:34:13] [INFO] [JDA]: Successfully resumed Session!
[01:01:46] [WARN] [WebSocketClient]: Got disconnected from WebSocket. Attempting to resume session
[01:01:48] [INFO] [JDA]: Successfully resumed Session!
[02:45:06] [WARN] [WebSocketClient]: Got disconnected from WebSocket. Attempting to resume session
[02:45:08] [INFO] [JDA]: Successfully resumed Session!
[03:25:13] [WARN] [WebSocketClient]: Got disconnected from WebSocket. Attempting to resume session
[03:25:15] [INFO] [JDA]: Successfully resumed Session!
[05:30:25] [WARN] [WebSocketClient]: Got disconnected from WebSocket. Attempting to resume session
[05:30:27] [INFO] [JDA]: Successfully resumed Session!
[05:48:30] [WARN] [WebSocketClient]: Got disconnected from WebSocket. Attempting to resume session
[05:48:32] [INFO] [JDA]: Successfully resumed Session!
[09:37:16] [WARN] [WebSocketClient]: Got disconnected from WebSocket. Attempting to resume session
[09:37:18] [INFO] [JDA]: Successfully resumed Session!
[12:55:43] [WARN] [WebSocketClient]: Got disconnected from WebSocket. Attempting to resume session
[12:55:46] [INFO] [JDA]: Successfully resumed Session!
[14:51:02] [WARN] [WebSocketClient]: Got disconnected from WebSocket. Attempting to resume session
[14:51:04] [INFO] [JDA]: Successfully resumed Session!
[17:57:53] [WARN] [WebSocketClient]: Got disconnected from WebSocket. Attempting to resume session
[17:57:56] [INFO] [JDA]: Successfully resumed Session!
[20:18:20] [WARN] [WebSocketClient]: Got disconnected from WebSocket. Attempting to resume session
[20:18:22] [INFO] [JDA]: Successfully resumed Session!
[21:52:07] [WARN] [WebSocketClient]: Got disconnected from WebSocket. Attempting to resume session
[21:52:09] [INFO] [JDA]: Successfully resumed Session!
[23:14:09] [WARN] [WebSocketClient]: Got disconnected from WebSocket. Attempting to resume session
[23:14:11] [INFO] [JDA]: Successfully resumed Session!
[01:13:43] [WARN] [WebSocketClient]: Got disconnected from WebSocket. Attempting to resume session
[01:13:46] [INFO] [JDA]: Successfully resumed Session!
[02:19:49] [WARN] [WebSocketClient]: Got disconnected from WebSocket. Attempting to resume session
[02:19:51] [INFO] [JDA]: Successfully resumed Session!
[05:10:52] [WARN] [WebSocketClient]: Got disconnected from WebSocket. Attempting to resume session
[05:10:54] [INFO] [JDA]: Successfully resumed Session!
[05:38:53] [WARN] [WebSocketClient]: Got disconnected from WebSocket. Attempting to resume session
[05:38:55] [INFO] [JDA]: Successfully resumed Session!
[06:33:39] [WARN] [WebSocketClient]: Got disconnected from WebSocket. Attempting to resume session
[06:33:42] [INFO] [JDA]: Successfully resumed Session!
[07:47:35] [WARN] [WebSocketClient]: Got disconnected from WebSocket. Attempting to resume session
[07:47:37] [INFO] [JDA]: Successfully resumed Session!
[09:30:44] [WARN] [WebSocketClient]: Got disconnected from WebSocket. Attempting to resume session
[09:30:47] [INFO] [JDA]: Successfully resumed Session!
[11:56:11] [WARN] [WebSocketClient]: Got disconnected from WebSocket. Attempting to resume session
[11:56:13] [INFO] [JDA]: Successfully resumed Session!
[14:08:41] [WARN] [WebSocketClient]: Got disconnected from WebSocket. Attempting to resume session
[14:08:43] [INFO] [JDA]: Successfully resumed Session!
[14:42:59] [WARN] [WebSocketClient]: Got disconnected from WebSocket. Attempting to resume session
[14:43:01] [INFO] [JDA]: Successfully resumed Session!
[16:30:58] [WARN] [WebSocketClient]: Got disconnected from WebSocket. Attempting to resume session
[16:31:01] [INFO] [JDA]: Successfully resumed Session!
[19:06:32] [WARN] [WebSocketClient]: Got disconnected from WebSocket. Attempting to resume session
[19:06:34] [INFO] [JDA]: Successfully resumed Session!
[20:55:03] [WARN] [WebSocketClient]: Got disconnected from WebSocket. Attempting to resume session
[20:55:06] [INFO] [JDA]: Successfully resumed Session!
[22:15:06] [WARN] [WebSocketClient]: Got disconnected from WebSocket. Attempting to resume session
[22:15:08] [INFO] [JDA]: Successfully resumed Session!
[01:35:15] [WARN] [WebSocketClient]: Got disconnected from WebSocket. Attempting to resume session
[01:35:18] [INFO] [JDA]: Successfully resumed Session!
[02:09:48] [WARN] [WebSocketClient]: Got disconnected from WebSocket. Attempting to resume session
[02:09:50] [INFO] [JDA]: Successfully resumed Session!
[04:15:17] [WARN] [WebSocketClient]: Got disconnected from WebSocket. Attempting to resume session
[04:15:20] [INFO] [JDA]: Successfully resumed Session!
[06:57:46] [WARN] [WebSocketClient]: Got disconnected from WebSocket. Attempting to resume session
[06:57:48] [INFO] [JDA]: Successfully resumed Session!
[08:20:19] [WARN] [WebSocketClient]: Got disconnected from WebSocket. Attempting to resume session
[08:20:21] [INFO] [JDA]: Successfully resumed Session!
[08:42:37] [WARN] [WebSocketClient]: Got disconnected from WebSocket. Attempting to resume session
[08:42:39] [INFO] [JDA]: Successfully resumed Session!
[09:49:21] [WARN] [WebSocketClient]: Got disconnected from WebSocket. Attempting to resume session
[09:49:23] [INFO] [JDA]: Successfully resumed Session!
[10:27:24] [WARN] [WebSocketClient]: Got disconnected from WebSocket. Attempting to resume session
[10:27:26] [INFO] [JDA]: Successfully resumed Session!
[12:11:32] [WARN] [WebSocketClient]: Got disconnected from WebSocket. Attempting to resume session
[12:11:34] [INFO] [JDA]: Successfully resumed Session!
[13:50:05] [WARN] [WebSocketClient]: Got disconnected from WebSocket. Attempting to resume session
[13:50:07] [INFO] [JDA]: Successfully resumed Session!
[14:52:56] [WARN] [WebSocketClient]: Got disconnected from WebSocket. Attempting to resume session
[14:52:59] [INFO] [JDA]: Successfully resumed Session!
[15:25:17] [WARN] [WebSocketClient]: Got disconnected from WebSocket. Attempting to resume session
[15:25:20] [INFO] [JDA]: Successfully resumed Session!
[17:35:43] [WARN] [WebSocketClient]: Got disconnected from WebSocket. Attempting to resume session
[17:35:46] [INFO] [JDA]: Successfully resumed Session!
[19:03:54] [WARN] [WebSocketClient]: Got disconnected from WebSocket. Attempting to resume session
[19:03:56] [INFO] [JDA]: Successfully resumed Session!
[21:25:59] [WARN] [WebSocketClient]: Got disconnected from WebSocket. Attempting to resume session
[21:26:01] [INFO] [JDA]: Successfully resumed Session!
[00:57:16] [WARN] [WebSocketClient]: Got disconnected from WebSocket. Attempting to resume session
[00:57:18] [INFO] [JDA]: Successfully resumed Session!
[04:03:29] [WARN] [WebSocketClient]: Got disconnected from WebSocket. Attempting to resume session
[04:03:32] [INFO] [JDA]: Successfully resumed Session!
[04:41:24] [WARN] [WebSocketClient]: Got disconnected from WebSocket. Attempting to resume session
[04:41:27] [INFO] [JDA]: Successfully resumed Session!
[05:07:10] [WARN] [WebSocketClient]: Got disconnected from WebSocket. Attempting to resume session
[05:07:12] [INFO] [JDA]: Successfully resumed Session!
[08:46:53] [WARN] [WebSocketClient]: Got disconnected from WebSocket. Attempting to resume session
[08:46:56] [INFO] [JDA]: Successfully resumed Session!
[11:05:40] [WARN] [WebSocketClient]: Got disconnected from WebSocket. Attempting to resume session
[11:05:42] [INFO] [JDA]: Successfully resumed Session!
[11:42:31] [WARN] [WebSocketClient]: Got disconnected from WebSocket. Attempting to resume session
[11:42:33] [INFO] [JDA]: Successfully resumed Session!
[12:01:43] [WARN] [WebSocketClient]: Got disconnected from WebSocket. Attempting to resume session
[12:01:45] [INFO] [JDA]: Successfully resumed Session!
[14:36:35] [WARN] [WebSocketClient]: Got disconnected from WebSocket. Attempting to resume session
[14:36:37] [INFO] [JDA]: Successfully resumed Session!
[15:00:24] [WARN] [WebSocketClient]: Got disconnected from WebSocket. Attempting to resume session
[15:00:26] [INFO] [JDA]: Successfully resumed Session!
[17:04:12] [WARN] [WebSocketClient]: Got disconnected from WebSocket. Attempting to resume session
[17:04:14] [INFO] [JDA]: Successfully resumed Session!
[19:04:22] [WARN] [WebSocketClient]: Got disconnected from WebSocket. Attempting to resume session
[19:04:24] [INFO] [JDA]: Successfully resumed Session!
[19:55:24] [WARN] [WebSocketClient]: Got disconnected from WebSocket. Attempting to resume session
[19:55:27] [INFO] [JDA]: Successfully resumed Session!
[21:52:49] [INFO] [NativeLibraryLoader]: Native library libmpg123-0: loading with filter com.sedmelluq.discord.lavaplayer.natives.ConnectorNativeLibLoader$$Lambda$180/0x000000084007b040@71f6c16c
[21:52:49] [INFO] [NativeLibraryLoader]: Native library connector: loading with filter null
[21:52:49] [INFO] [NativeLibraryLoader]: Native library connector: successfully loaded.
[23:06:27] [WARN] [WebSocketClient]: Got disconnected from WebSocket. Attempting to resume session
[23:06:30] [INFO] [JDA]: Successfully resumed Session!
[02:58:08] [WARN] [WebSocketClient]: Got disconnected from WebSocket. Attempting to resume session
[02:58:10] [INFO] [JDA]: Successfully resumed Session!
[06:46:41] [WARN] [WebSocketClient]: Got disconnected from WebSocket. Attempting to resume session
[06:46:43] [INFO] [JDA]: Successfully resumed Session!
[10:06:07] [WARN] [WebSocketClient]: Got disconnected from WebSocket. Attempting to resume session
[10:06:09] [INFO] [JDA]: Successfully resumed Session!
[12:54:49] [WARN] [WebSocketClient]: Got disconnected from WebSocket. Attempting to resume session
[12:54:52] [INFO] [JDA]: Successfully resumed Session!
[13:20:53] [WARN] [WebSocketClient]: Got disconnected from WebSocket. Attempting to resume session
[13:20:55] [INFO] [JDA]: Successfully resumed Session!
[15:41:51] [WARN] [WebSocketClient]: Got disconnected from WebSocket. Attempting to resume session
[15:41:53] [INFO] [JDA]: Successfully resumed Session!
[17:14:54] [WARN] [WebSocketClient]: Got disconnected from WebSocket. Attempting to resume session
[17:14:56] [INFO] [JDA]: Successfully resumed Session!
[18:22:51] [WARN] [WebSocketClient]: Got disconnected from WebSocket. Attempting to resume session
[18:22:53] [INFO] [JDA]: Successfully resumed Session!
[20:28:58] [WARN] [WebSocketClient]: Got disconnected from WebSocket. Attempting to resume session
[20:29:00] [INFO] [JDA]: Successfully resumed Session!
[22:24:02] [WARN] [WebSocketClient]: Got disconnected from WebSocket. Attempting to resume session
[22:24:05] [INFO] [JDA]: Successfully resumed Session!
[01:28:21] [WARN] [WebSocketClient]: Got disconnected from WebSocket. Attempting to resume session
[01:28:23] [INFO] [JDA]: Successfully resumed Session!
[02:02:57] [WARN] [WebSocketClient]: Got disconnected from WebSocket. Attempting to resume session
[02:02:59] [INFO] [JDA]: Successfully resumed Session!
[05:19:57] [WARN] [WebSocketClient]: Got disconnected from WebSocket. Attempting to resume session
[05:20:00] [INFO] [JDA]: Successfully resumed Session!
[05:42:28] [WARN] [WebSocketClient]: Got disconnected from WebSocket. Attempting to resume session
[05:42:31] [INFO] [JDA]: Successfully resumed Session!
[08:20:36] [WARN] [WebSocketClient]: Got disconnected from WebSocket. Attempting to resume session
[08:20:38] [INFO] [JDA]: Successfully resumed Session!
[09:12:33] [WARN] [WebSocketClient]: Got disconnected from WebSocket. Attempting to resume session
[09:12:35] [INFO] [JDA]: Successfully resumed Session!
[10:20:13] [WARN] [WebSocketClient]: Got disconnected from WebSocket. Attempting to resume session
[10:20:15] [INFO] [JDA]: Successfully resumed Session!
[13:59:45] [WARN] [WebSocketClient]: Got disconnected from WebSocket. Attempting to resume session
[13:59:48] [INFO] [JDA]: Successfully resumed Session!
[16:52:03] [WARN] [WebSocketClient]: Got disconnected from WebSocket. Attempting to resume session
[16:52:05] [INFO] [JDA]: Successfully resumed Session!
[18:48:48] [WARN] [WebSocketClient]: Got disconnected from WebSocket. Attempting to resume session
[18:48:50] [INFO] [JDA]: Successfully resumed Session!
[20:31:56] [WARN] [WebSocketClient]: Got disconnected from WebSocket. Attempting to resume session
[20:31:59] [INFO] [JDA]: Successfully resumed Session!
[21:04:33] [WARN] [WebSocketClient]: Got disconnected from WebSocket. Attempting to resume session
[21:04:36] [INFO] [JDA]: Successfully resumed Session!
[22:06:37] [WARN] [WebSocketClient]: Got disconnected from WebSocket. Attempting to resume session
[22:06:39] [INFO] [JDA]: Successfully resumed Session!
[01:46:09] [WARN] [WebSocketClient]: Got disconnected from WebSocket. Attempting to resume session
[01:46:11] [INFO] [JDA]: Successfully resumed Session!
[04:42:26] [WARN] [WebSocketClient]: Got disconnected from WebSocket. Attempting to resume session
[04:42:29] [INFO] [JDA]: Successfully resumed Session!
[07:34:40] [WARN] [WebSocketClient]: Got disconnected from WebSocket. Attempting to resume session
[07:34:43] [INFO] [JDA]: Successfully resumed Session!
[08:20:09] [WARN] [WebSocketClient]: Got disconnected from WebSocket. Attempting to resume session
[08:20:12] [INFO] [JDA]: Successfully resumed Session!
[10:44:48] [WARN] [WebSocketClient]: Got disconnected from WebSocket. Attempting to resume session
[10:44:50] [INFO] [JDA]: Successfully resumed Session!
[14:31:06] [WARN] [WebSocketClient]: Got disconnected from WebSocket. Attempting to resume session
[14:31:09] [INFO] [JDA]: Successfully resumed Session!
[15:50:29] [WARN] [WebSocketClient]: Got disconnected from WebSocket. Attempting to resume session
[15:50:32] [INFO] [JDA]: Successfully resumed Session!
[17:22:08] [WARN] [WebSocketClient]: Got disconnected from WebSocket. Attempting to resume session
[17:22:11] [INFO] [JDA]: Successfully resumed Session!
[20:12:19] [WARN] [WebSocketClient]: Got disconnected from WebSocket. Attempting to resume session
[20:12:21] [INFO] [JDA]: Successfully resumed Session!
[23:58:15] [WARN] [WebSocketClient]: Got disconnected from WebSocket. Attempting to resume session
[23:58:18] [INFO] [JDA]: Successfully resumed Session!
[03:27:46] [WARN] [WebSocketClient]: Got disconnected from WebSocket. Attempting to resume session
[03:27:49] [INFO] [JDA]: Successfully resumed Session!
[06:58:41] [WARN] [WebSocketClient]: Got disconnected from WebSocket. Attempting to resume session
[06:58:44] [INFO] [JDA]: Successfully resumed Session!
[10:19:29] [WARN] [WebSocketClient]: Got disconnected from WebSocket. Attempting to resume session
[10:19:31] [INFO] [JDA]: Successfully resumed Session!
[11:48:22] [WARN] [WebSocketClient]: Got disconnected from WebSocket. Attempting to resume session
[11:48:24] [INFO] [JDA]: Successfully resumed Session!
[12:30:37] [WARN] [WebSocketClient]: Got disconnected from WebSocket. Attempting to resume session
[12:30:39] [INFO] [JDA]: Successfully resumed Session!
[14:02:47] [WARN] [WebSocketClient]: Got disconnected from WebSocket. Attempting to resume session
[14:02:49] [INFO] [JDA]: Successfully resumed Session!
[16:44:42] [WARN] [WebSocketClient]: Got disconnected from WebSocket. Attempting to resume session
[16:44:44] [INFO] [JDA]: Successfully resumed Session!
[20:08:55] [WARN] [WebSocketClient]: Got disconnected from WebSocket. Attempting to resume session
[20:08:58] [INFO] [JDA]: Successfully resumed Session!
[20:31:28] [WARN] [WebSocketClient]: Got disconnected from WebSocket. Attempting to resume session
[20:31:30] [INFO] [JDA]: Successfully resumed Session!
[00:16:31] [WARN] [WebSocketClient]: Got disconnected from WebSocket. Attempting to resume session
[00:16:33] [INFO] [JDA]: Successfully resumed Session!
[01:25:54] [WARN] [WebSocketClient]: Got disconnected from WebSocket. Attempting to resume session
[01:25:57] [INFO] [JDA]: Successfully resumed Session!
[02:25:11] [WARN] [WebSocketClient]: Got disconnected from WebSocket. Attempting to resume session
[02:25:13] [INFO] [JDA]: Successfully resumed Session!
[02:58:38] [WARN] [WebSocketClient]: Got disconnected from WebSocket. Attempting to resume session
[02:58:40] [INFO] [JDA]: Successfully resumed Session!
[06:29:08] [WARN] [WebSocketClient]: Got disconnected from WebSocket. Attempting to resume session
[06:29:10] [INFO] [JDA]: Successfully resumed Session!
[08:02:38] [WARN] [WebSocketClient]: Got disconnected from WebSocket. Attempting to resume session
[08:02:40] [INFO] [JDA]: Successfully resumed Session!
[11:40:54] [WARN] [WebSocketClient]: Got disconnected from WebSocket. Attempting to resume session
[11:40:57] [INFO] [JDA]: Successfully resumed Session!
[14:06:49] [WARN] [WebSocketClient]: Got disconnected from WebSocket. Attempting to resume session
[14:06:51] [INFO] [JDA]: Successfully resumed Session!
[15:45:51] [WARN] [WebSocketClient]: Got disconnected from WebSocket. Attempting to resume session
[15:45:53] [INFO] [JDA]: Successfully resumed Session!
[17:35:38] [WARN] [WebSocketClient]: Got disconnected from WebSocket. Attempting to resume session
[17:35:40] [INFO] [JDA]: Successfully resumed Session!
[20:48:10] [WARN] [WebSocketClient]: Got disconnected from WebSocket. Attempting to resume session
[20:48:12] [INFO] [JDA]: Successfully resumed Session!
[21:54:48] [WARN] [WebSocketClient]: Got disconnected from WebSocket. Attempting to resume session
[21:54:50] [INFO] [JDA]: Successfully resumed Session!
[01:46:00] [WARN] [WebSocketClient]: Got disconnected from WebSocket. Attempting to resume session
[01:46:03] [INFO] [JDA]: Successfully resumed Session!
[05:33:37] [WARN] [WebSocketClient]: Got disconnected from WebSocket. Attempting to resume session
[05:33:40] [INFO] [JDA]: Successfully resumed Session!
[06:28:26] [WARN] [WebSocketClient]: Got disconnected from WebSocket. Attempting to resume session
[06:28:29] [INFO] [JDA]: Successfully resumed Session!
